[debug] [2024-09-14T12:15:24.763Z] ----------------------------------------------------------------------
[debug] [2024-09-14T12:15:24.766Z] Command:       C:\Program Files\nodejs\node.exe C:\Users\soumy\AppData\Roaming\npm\node_modules\firebase-tools\lib\bin\firebase.js init
[debug] [2024-09-14T12:15:24.767Z] CLI Version:   13.17.0
[debug] [2024-09-14T12:15:24.767Z] Platform:      win32
[debug] [2024-09-14T12:15:24.767Z] Node Version:  v20.12.1
[debug] [2024-09-14T12:15:24.767Z] Time:          Sat Sep 14 2024 17:45:24 GMT+0530 (India Standard Time)
[debug] [2024-09-14T12:15:24.767Z] ----------------------------------------------------------------------
[debug] 
[debug] [2024-09-14T12:15:24.774Z] > command requires scopes: ["email","openid","https://www.googleapis.com/auth/cloudplatformprojects.readonly","https://www.googleapis.com/auth/firebase","https://www.googleapis.com/auth/cloud-platform"]
[debug] [2024-09-14T12:15:24.774Z] > authorizing via signed-in user (soumyajitparia02@gmail.com)
[info] 
     ######## #### ########  ######## ########     ###     ######  ########
     ##        ##  ##     ## ##       ##     ##  ##   ##  ##       ##
     ######    ##  ########  ######   ########  #########  ######  ######
     ##        ##  ##    ##  ##       ##     ## ##     ##       ## ##
     ##       #### ##     ## ######## ########  ##     ##  ######  ########

You're about to initialize a Firebase project in this directory:

  C:\Users\soumy\OneDrive\Desktop\Todo app in angular\todo-app

[info] 
=== Project Setup
[info] 
[info] First, let's associate this project directory with a Firebase project.
[info] You can create multiple project aliases by running firebase use --add, 
[info] but for now we'll just set up a default project.
[info] 
[info] i  If you want to create a project in a Google Cloud organization or folder, please use "firebase projects:create" instead, and return to this command when you've created the project. 
[debug] [2024-09-14T12:15:58.724Z] >>> [apiv2][query] POST https://cloudresourcemanager.googleapis.com/v1/projects [none]
[debug] [2024-09-14T12:15:58.724Z] >>> [apiv2][body] POST https://cloudresourcemanager.googleapis.com/v1/projects {"projectId":"todo-app-angular","name":"todo-app-angular"}
[debug] [2024-09-14T12:16:00.367Z] <<< [apiv2][status] POST https://cloudresourcemanager.googleapis.com/v1/projects 409
[debug] [2024-09-14T12:16:00.367Z] <<< [apiv2][body] POST https://cloudresourcemanager.googleapis.com/v1/projects {"error":{"code":409,"message":"Requested entity already exists","status":"ALREADY_EXISTS"}}
[debug] [2024-09-14T12:16:00.628Z] FirebaseError: HTTP Error: 409, Requested entity already exists
    at responseToError (C:\Users\soumy\AppData\Roaming\npm\node_modules\firebase-tools\lib\responseToError.js:49:12)
    at RetryOperation._fn (C:\Users\soumy\AppData\Roaming\npm\node_modules\firebase-tools\lib\apiv2.js:305:77)
    at process.processTicksAndRejections (node:internal/process/task_queues:95:5)
[error] 
[error] Error: Failed to create project because there is already a project with ID todo-app-angular. Please try again with a unique project ID.
[debug] [2024-09-14T12:16:04.631Z] ----------------------------------------------------------------------
[debug] [2024-09-14T12:16:04.633Z] Command:       C:\Program Files\nodejs\node.exe C:\Users\soumy\AppData\Roaming\npm\node_modules\firebase-tools\lib\bin\firebase.js init
[debug] [2024-09-14T12:16:04.634Z] CLI Version:   13.17.0
[debug] [2024-09-14T12:16:04.634Z] Platform:      win32
[debug] [2024-09-14T12:16:04.634Z] Node Version:  v20.12.1
[debug] [2024-09-14T12:16:04.634Z] Time:          Sat Sep 14 2024 17:46:04 GMT+0530 (India Standard Time)
[debug] [2024-09-14T12:16:04.634Z] ----------------------------------------------------------------------
[debug] 
[debug] [2024-09-14T12:16:04.642Z] > command requires scopes: ["email","openid","https://www.googleapis.com/auth/cloudplatformprojects.readonly","https://www.googleapis.com/auth/firebase","https://www.googleapis.com/auth/cloud-platform"]
[debug] [2024-09-14T12:16:04.642Z] > authorizing via signed-in user (soumyajitparia02@gmail.com)
[info] 
     ######## #### ########  ######## ########     ###     ######  ########
     ##        ##  ##     ## ##       ##     ##  ##   ##  ##       ##
     ######    ##  ########  ######   ########  #########  ######  ######
     ##        ##  ##    ##  ##       ##     ## ##     ##       ## ##
     ##       #### ##     ## ######## ########  ##     ##  ######  ########

You're about to initialize a Firebase project in this directory:

  C:\Users\soumy\OneDrive\Desktop\Todo app in angular\todo-app

[info] 
=== Project Setup
[info] 
[info] First, let's associate this project directory with a Firebase project.
[info] You can create multiple project aliases by running firebase use --add, 
[info] but for now we'll just set up a default project.
[info] 
[info] i  If you want to create a project in a Google Cloud organization or folder, please use "firebase projects:create" instead, and return to this command when you've created the project. 
[debug] [2024-09-14T12:16:25.030Z] >>> [apiv2][query] POST https://cloudresourcemanager.googleapis.com/v1/projects [none]
[debug] [2024-09-14T12:16:25.030Z] >>> [apiv2][body] POST https://cloudresourcemanager.googleapis.com/v1/projects {"projectId":"todoAppAngular","name":"todoAppAngular"}
[debug] [2024-09-14T12:16:26.641Z] <<< [apiv2][status] POST https://cloudresourcemanager.googleapis.com/v1/projects 400
[debug] [2024-09-14T12:16:26.642Z] <<< [apiv2][body] POST https://cloudresourcemanager.googleapis.com/v1/projects {"error":{"code":400,"message":"field [project_id] has issue [project_id contains invalid characters]","status":"INVALID_ARGUMENT","details":[{"@type":"type.googleapis.com/google.rpc.BadRequest","fieldViolations":[{"field":"project_id","description":"project_id contains invalid characters"}]},{"@type":"type.googleapis.com/google.rpc.Help","links":[{"url":"https://cloud.google.com/resource-manager/reference/rest/v1/projects"}]}]}}
[debug] [2024-09-14T12:16:26.900Z] FirebaseError: HTTP Error: 400, field [project_id] has issue [project_id contains invalid characters]
    at responseToError (C:\Users\soumy\AppData\Roaming\npm\node_modules\firebase-tools\lib\responseToError.js:49:12)
    at RetryOperation._fn (C:\Users\soumy\AppData\Roaming\npm\node_modules\firebase-tools\lib\apiv2.js:305:77)
    at process.processTicksAndRejections (node:internal/process/task_queues:95:5)
[error] 
[error] Error: Failed to create project. See firebase-debug.log for more info.
[debug] [2024-09-14T12:17:21.693Z] ----------------------------------------------------------------------
[debug] [2024-09-14T12:17:21.696Z] Command:       C:\Program Files\nodejs\node.exe C:\Users\soumy\AppData\Roaming\npm\node_modules\firebase-tools\lib\bin\firebase.js init
[debug] [2024-09-14T12:17:21.697Z] CLI Version:   13.17.0
[debug] [2024-09-14T12:17:21.697Z] Platform:      win32
[debug] [2024-09-14T12:17:21.697Z] Node Version:  v20.12.1
[debug] [2024-09-14T12:17:21.697Z] Time:          Sat Sep 14 2024 17:47:21 GMT+0530 (India Standard Time)
[debug] [2024-09-14T12:17:21.697Z] ----------------------------------------------------------------------
[debug] 
[debug] [2024-09-14T12:17:21.704Z] > command requires scopes: ["email","openid","https://www.googleapis.com/auth/cloudplatformprojects.readonly","https://www.googleapis.com/auth/firebase","https://www.googleapis.com/auth/cloud-platform"]
[debug] [2024-09-14T12:17:21.705Z] > authorizing via signed-in user (soumyajitparia02@gmail.com)
[info] 
     ######## #### ########  ######## ########     ###     ######  ########
     ##        ##  ##     ## ##       ##     ##  ##   ##  ##       ##
     ######    ##  ########  ######   ########  #########  ######  ######
     ##        ##  ##    ##  ##       ##     ## ##     ##       ## ##
     ##       #### ##     ## ######## ########  ##     ##  ######  ########

You're about to initialize a Firebase project in this directory:

  C:\Users\soumy\OneDrive\Desktop\Todo app in angular\todo-app

